=====================================
=== SESSION START: 2026-02-06_00-40-08 ===
Time: 2026-02-06T00:40:08+03:00
Working dir: /Users/aagrigore1/src/skill-project-management
=====================================

[00:40:08.675] [INFO] Config loaded, refresh interval: 5s
[00:40:11.630] [INFO] [ACTION] command_palette: opened
[00:40:12.754] [DEBUG] [KEY] с
[00:40:12.754] [DEBUG] [STATE] command_palette active, input: ""
[00:40:13.775] [DEBUG] [KEY] backspace
[00:40:13.775] [DEBUG] [STATE] command_palette active, input: "с"
[00:40:14.345] [DEBUG] [KEY] c
[00:40:14.345] [DEBUG] [STATE] command_palette active, input: ""
[00:40:14.557] [DEBUG] [KEY] o
[00:40:14.557] [DEBUG] [STATE] command_palette active, input: "c"
[00:40:15.095] [DEBUG] [KEY] enter
[00:40:15.095] [DEBUG] [STATE] command_palette active, input: "co"
[00:40:15.096] [INFO] CommandExecuteMsg received: cmd="collapse" args=""
[00:40:15.096] [INFO] executeCommand: cmd="collapse" args=""
[00:40:15.096] [INFO] [CMD] /collapse → collapsing all
[00:40:16.400] [INFO] [ACTION] command_palette: opened
[00:40:19.403] [DEBUG] [KEY] a
[00:40:19.403] [DEBUG] [STATE] command_palette active, input: ""
[00:40:20.591] [DEBUG] [KEY] down
[00:40:20.591] [DEBUG] [STATE] command_palette active, input: "a"
[00:40:21.245] [DEBUG] [KEY] enter
[00:40:21.245] [DEBUG] [STATE] command_palette active, input: "a"
[00:40:21.245] [INFO] CommandExecuteMsg received: cmd="agents" args=""
[00:40:21.245] [INFO] executeCommand: cmd="agents" args=""
[00:40:21.245] [INFO] [CMD] /agents → opening agents screen
[00:40:30.050] [INFO] [ACTION] command_palette: opened
[00:40:30.578] [DEBUG] [KEY] s
[00:40:30.578] [DEBUG] [STATE] command_palette active, input: ""
[00:40:30.981] [DEBUG] [KEY] t
[00:40:30.981] [DEBUG] [STATE] command_palette active, input: "s"
[00:40:31.642] [DEBUG] [KEY] backspace
[00:40:31.642] [DEBUG] [STATE] command_palette active, input: "st"
[00:40:31.807] [DEBUG] [KEY] e
[00:40:31.808] [DEBUG] [STATE] command_palette active, input: "s"
[00:40:32.166] [DEBUG] [KEY] enter
[00:40:32.166] [DEBUG] [STATE] command_palette active, input: "se"
[00:40:32.167] [INFO] CommandExecuteMsg received: cmd="settings" args=""
[00:40:32.167] [INFO] executeCommand: cmd="settings" args=""
[00:40:32.167] [INFO] [CMD] /settings → opening settings screen
[00:41:31.481] [DEBUG] confirmQuit key: "right", selection: 0
[00:41:31.837] [DEBUG] confirmQuit key: "enter", selection: 1
[00:41:31.837] [INFO] Saving config and closing session

=== SESSION END ===
Duration: 1m23s
Total actions: 42
=====================================
