=====================================
=== SESSION START: 2026-02-06_00-42-35 ===
Time: 2026-02-06T00:42:35+03:00
Working dir: /Users/aagrigore1/src/skill-project-management
=====================================

[00:42:35.864] [INFO] Config loaded, refresh interval: 5s
[00:42:36.908] [INFO] [ACTION] command_palette: opened
[00:42:37.866] [DEBUG] [KEY] s
[00:42:37.866] [DEBUG] [STATE] command_palette active, input: ""
[00:42:38.139] [DEBUG] [KEY] e
[00:42:38.139] [DEBUG] [STATE] command_palette active, input: "s"
[00:42:38.740] [DEBUG] [KEY] enter
[00:42:38.740] [DEBUG] [STATE] command_palette active, input: "se"
[00:42:38.742] [INFO] CommandExecuteMsg received: cmd="settings" args=""
[00:42:38.742] [INFO] executeCommand: cmd="settings" args=""
[00:42:38.742] [INFO] [CMD] /settings → opening settings screen
[00:42:46.361] [DEBUG] confirmQuit key: "esc", selection: 0
[00:42:52.313] [INFO] [ACTION] command_palette: opened
[00:42:52.508] [DEBUG] [KEY] a
[00:42:52.508] [DEBUG] [STATE] command_palette active, input: ""
[00:42:52.793] [DEBUG] [KEY] g
[00:42:52.793] [DEBUG] [STATE] command_palette active, input: "a"
[00:42:53.362] [DEBUG] [KEY] enter
[00:42:53.362] [DEBUG] [STATE] command_palette active, input: "ag"
[00:42:53.363] [INFO] CommandExecuteMsg received: cmd="agents" args=""
[00:42:53.363] [INFO] executeCommand: cmd="agents" args=""
[00:42:53.363] [INFO] [CMD] /agents → opening agents screen
[00:45:37.646] [DEBUG] confirmQuit key: "right", selection: 0
[00:45:37.960] [DEBUG] confirmQuit key: "enter", selection: 1
[00:45:37.960] [INFO] Saving config and closing session

=== SESSION END ===
Duration: 3m2s
Total actions: 25
=====================================
