=====================================
=== SESSION START: 2026-02-06_00-28-08 ===
Time: 2026-02-06T00:28:08+03:00
Working dir: /Users/aagrigore1/src/skill-project-management
=====================================

[00:28:08.070] [INFO] Config loaded, refresh interval: 5s
[00:29:26.559] [DEBUG] confirmQuit key: "esc", selection: 0
[00:29:28.598] [INFO] [ACTION] command_palette: opened
[00:29:28.763] [DEBUG] [KEY] .
[00:29:28.763] [DEBUG] [STATE] command_palette active, input: ""
[00:29:29.559] [DEBUG] [KEY] .
[00:29:29.559] [DEBUG] [STATE] command_palette active, input: "."
[00:29:30.340] [DEBUG] [KEY] backspace
[00:29:30.341] [DEBUG] [STATE] command_palette active, input: ".."
[00:29:30.565] [DEBUG] [KEY] backspace
[00:29:30.565] [DEBUG] [STATE] command_palette active, input: "."
[00:29:32.394] [DEBUG] [KEY] down
[00:29:32.395] [DEBUG] [STATE] command_palette active, input: ""
[00:29:32.636] [DEBUG] [KEY] down
[00:29:32.636] [DEBUG] [STATE] command_palette active, input: ""
[00:29:34.240] [DEBUG] [KEY] down
[00:29:34.240] [DEBUG] [STATE] command_palette active, input: ""
[00:29:34.448] [DEBUG] [KEY] down
[00:29:34.449] [DEBUG] [STATE] command_palette active, input: ""
[00:29:35.244] [DEBUG] [KEY] down
[00:29:35.244] [DEBUG] [STATE] command_palette active, input: ""
[00:29:35.635] [DEBUG] [KEY] enter
[00:29:35.635] [DEBUG] [STATE] command_palette active, input: ""
[00:29:35.636] [INFO] CommandExecuteMsg received: cmd="collapse" args=""
[00:29:35.636] [INFO] executeCommand: cmd="collapse" args=""
[00:29:35.636] [INFO] [CMD] /collapse → collapsing all
[00:29:37.269] [INFO] [ACTION] command_palette: opened
[00:29:38.560] [DEBUG] [KEY] down
[00:29:38.560] [DEBUG] [STATE] command_palette active, input: ""
[00:29:38.802] [DEBUG] [KEY] down
[00:29:38.802] [DEBUG] [STATE] command_palette active, input: ""
[00:29:38.935] [DEBUG] [KEY] down
[00:29:38.935] [DEBUG] [STATE] command_palette active, input: ""
[00:29:39.744] [DEBUG] [KEY] down
[00:29:39.744] [DEBUG] [STATE] command_palette active, input: ""
[00:29:40.120] [DEBUG] [KEY] enter
[00:29:40.120] [DEBUG] [STATE] command_palette active, input: ""
[00:29:40.120] [INFO] CommandExecuteMsg received: cmd="expand" args=""
[00:29:40.120] [INFO] executeCommand: cmd="expand" args=""
[00:29:40.120] [INFO] [CMD] /expand → expanding all
[00:29:44.635] [DEBUG] confirmQuit key: "esc", selection: 0
[00:29:46.255] [INFO] [ACTION] command_palette: opened
[00:29:47.410] [DEBUG] [KEY] down
[00:29:47.411] [DEBUG] [STATE] command_palette active, input: ""
[00:29:47.651] [DEBUG] [KEY] down
[00:29:47.651] [DEBUG] [STATE] command_palette active, input: ""
[00:29:48.580] [DEBUG] [KEY] down
[00:29:48.580] [DEBUG] [STATE] command_palette active, input: ""
[00:29:49.301] [DEBUG] [KEY] up
[00:29:49.301] [DEBUG] [STATE] command_palette active, input: ""
[00:29:50.051] [DEBUG] [KEY] up
[00:29:50.051] [DEBUG] [STATE] command_palette active, input: ""
[00:29:52.060] [DEBUG] [KEY] enter
[00:29:52.060] [DEBUG] [STATE] command_palette active, input: ""
[00:29:52.062] [INFO] CommandExecuteMsg received: cmd="agents" args=""
[00:29:52.062] [INFO] executeCommand: cmd="agents" args=""
[00:29:52.062] [INFO] [CMD] /agents → opening agents screen
[00:33:00.448] [DEBUG] confirmQuit key: "esc", selection: 0
[00:40:07.300] [DEBUG] confirmQuit key: "right", selection: 0
[00:40:07.657] [DEBUG] confirmQuit key: "enter", selection: 1
[00:40:07.657] [INFO] Saving config and closing session

=== SESSION END ===
Duration: 12m0s
Total actions: 61
=====================================
