=====================================
=== SESSION START: 2026-02-06_00-41-33 ===
Time: 2026-02-06T00:41:33+03:00
Working dir: /Users/aagrigore1/src/skill-project-management
=====================================

[00:41:33.395] [INFO] Config loaded, refresh interval: 5s
[00:41:35.077] [INFO] [ACTION] command_palette: opened
[00:41:35.408] [DEBUG] [KEY] ф
[00:41:35.408] [DEBUG] [STATE] command_palette active, input: ""
[00:41:35.736] [DEBUG] [KEY] п
[00:41:35.736] [DEBUG] [STATE] command_palette active, input: "ф"
[00:41:36.367] [DEBUG] [KEY] backspace
[00:41:36.367] [DEBUG] [STATE] command_palette active, input: "фп"
[00:41:36.560] [DEBUG] [KEY] backspace
[00:41:36.560] [DEBUG] [STATE] command_palette active, input: "ф"
[00:41:37.131] [DEBUG] [KEY] a
[00:41:37.131] [DEBUG] [STATE] command_palette active, input: ""
[00:41:37.461] [DEBUG] [KEY] g
[00:41:37.461] [DEBUG] [STATE] command_palette active, input: "a"
[00:41:37.897] [DEBUG] [KEY] enter
[00:41:37.897] [DEBUG] [STATE] command_palette active, input: "ag"
[00:41:37.897] [INFO] CommandExecuteMsg received: cmd="agents" args=""
[00:41:37.897] [INFO] executeCommand: cmd="agents" args=""
[00:41:37.897] [INFO] [CMD] /agents → opening agents screen
[00:42:07.327] [INFO] [ACTION] command_palette: opened
[00:42:07.644] [DEBUG] [KEY] s
[00:42:07.644] [DEBUG] [STATE] command_palette active, input: ""
[00:42:07.852] [DEBUG] [KEY] e
[00:42:07.852] [DEBUG] [STATE] command_palette active, input: "s"
[00:42:08.241] [DEBUG] [KEY] t
[00:42:08.241] [DEBUG] [STATE] command_palette active, input: "se"
[00:42:08.558] [DEBUG] [KEY] enter
[00:42:08.558] [DEBUG] [STATE] command_palette active, input: "set"
[00:42:08.558] [INFO] CommandExecuteMsg received: cmd="settings" args=""
[00:42:08.558] [INFO] executeCommand: cmd="settings" args=""
[00:42:08.558] [INFO] [CMD] /settings → opening settings screen
[00:42:32.559] [DEBUG] confirmQuit key: "right", selection: 0
[00:42:32.858] [DEBUG] confirmQuit key: "enter", selection: 1
[00:42:32.858] [INFO] Saving config and closing session

=== SESSION END ===
Duration: 59s
Total actions: 34
=====================================
