=====================================
=== SESSION START: 2026-02-05_18-36-04 ===
Time: 2026-02-05T18:36:04+03:00
Working dir: /Users/aagrigore1/src/skill-project-management
=====================================

[18:36:04.906] [INFO] Config loaded, refresh interval: 5s
[18:36:05.543] [INFO] [ACTION] command_palette: opened
[18:36:06.369] [DEBUG] [KEY] down
[18:36:06.369] [DEBUG] [STATE] command_palette active, input: ""
[18:36:07.029] [DEBUG] [KEY] enter
[18:36:07.029] [DEBUG] [STATE] command_palette active, input: ""
[18:36:07.032] [INFO] CommandExecuteMsg received: cmd="agents" args=""
[18:36:07.032] [INFO] executeCommand: cmd="agents" args=""
[18:36:07.032] [INFO] [CMD] /agents → opening agents screen
[18:36:09.622] [INFO] [ACTION] command_palette: opened
[18:36:10.525] [DEBUG] [KEY] down
[18:36:10.525] [DEBUG] [STATE] command_palette active, input: ""
[18:36:10.702] [DEBUG] [KEY] down
[18:36:10.702] [DEBUG] [STATE] command_palette active, input: ""
[18:36:11.138] [DEBUG] [KEY] enter
[18:36:11.138] [DEBUG] [STATE] command_palette active, input: ""
[18:36:11.140] [INFO] CommandExecuteMsg received: cmd="settings" args=""
[18:36:11.140] [INFO] executeCommand: cmd="settings" args=""
[18:36:11.140] [INFO] [CMD] /settings → opening settings screen
[18:36:12.641] [INFO] [ACTION] command_palette: opened
[18:36:13.418] [DEBUG] [KEY] down
[18:36:13.418] [DEBUG] [STATE] command_palette active, input: ""
[18:36:13.583] [DEBUG] [KEY] down
[18:36:13.583] [DEBUG] [STATE] command_palette active, input: ""
[18:36:13.765] [DEBUG] [KEY] down
[18:36:13.765] [DEBUG] [STATE] command_palette active, input: ""
[18:36:15.145] [DEBUG] [KEY] enter
[18:36:15.145] [DEBUG] [STATE] command_palette active, input: ""
[18:36:15.145] [INFO] CommandExecuteMsg received: cmd="refresh" args=""
[18:36:15.145] [INFO] executeCommand: cmd="refresh" args=""
[18:36:15.145] [INFO] [CMD] /refresh → starting refresh
[18:36:17.407] [INFO] Saving config and closing session

=== SESSION END ===
Duration: 13s
Total actions: 32
=====================================
