=====================================
=== SESSION START: 2026-02-06_00-45-40 ===
Time: 2026-02-06T00:45:40+03:00
Working dir: /Users/aagrigore1/src/skill-project-management
=====================================

[00:45:40.131] [INFO] Config loaded, refresh interval: 5s
[00:45:43.231] [INFO] [ACTION] command_palette: opened
[00:45:43.360] [DEBUG] [KEY] ы
[00:45:43.360] [DEBUG] [STATE] command_palette active, input: ""
[00:45:43.585] [DEBUG] [KEY] у
[00:45:43.585] [DEBUG] [STATE] command_palette active, input: "ы"
[00:45:44.485] [DEBUG] [KEY] backspace
[00:45:44.485] [DEBUG] [STATE] command_palette active, input: "ыу"
[00:45:44.680] [DEBUG] [KEY] backspace
[00:45:44.680] [DEBUG] [STATE] command_palette active, input: "ы"
[00:45:45.682] [DEBUG] [KEY] s
[00:45:45.683] [DEBUG] [STATE] command_palette active, input: ""
[00:45:45.834] [DEBUG] [KEY] e
[00:45:45.835] [DEBUG] [STATE] command_palette active, input: "s"
[00:45:46.555] [DEBUG] [KEY] enter
[00:45:46.555] [DEBUG] [STATE] command_palette active, input: "se"
[00:45:46.555] [INFO] CommandExecuteMsg received: cmd="settings" args=""
[00:45:46.555] [INFO] executeCommand: cmd="settings" args=""
[00:45:46.555] [INFO] [CMD] /settings → opening settings screen
[00:46:53.051] [INFO] [ACTION] command_palette: opened
[00:46:53.396] [DEBUG] [KEY] ф
[00:46:53.396] [DEBUG] [STATE] command_palette active, input: ""
[00:46:53.786] [DEBUG] [KEY] п
[00:46:53.786] [DEBUG] [STATE] command_palette active, input: "ф"
[00:46:54.043] [DEBUG] [KEY] е
[00:46:54.043] [DEBUG] [STATE] command_palette active, input: "фп"
[00:46:57.884] [DEBUG] [KEY] backspace
[00:46:57.884] [DEBUG] [STATE] command_palette active, input: "фпе"
[00:46:58.181] [DEBUG] [KEY] backspace
[00:46:58.181] [DEBUG] [STATE] command_palette active, input: "фп"
[00:46:58.421] [DEBUG] [KEY] backspace
[00:46:58.421] [DEBUG] [STATE] command_palette active, input: "ф"
[00:46:59.068] [DEBUG] [KEY] /
[00:46:59.068] [DEBUG] [STATE] command_palette active, input: ""
[00:46:59.337] [DEBUG] [KEY] a
[00:46:59.337] [DEBUG] [STATE] command_palette active, input: "/"
[00:46:59.711] [DEBUG] [KEY] g
[00:46:59.711] [DEBUG] [STATE] command_palette active, input: "/a"
[00:47:00.312] [DEBUG] [KEY] backspace
[00:47:00.312] [DEBUG] [STATE] command_palette active, input: "/ag"
[00:47:00.522] [DEBUG] [KEY] backspace
[00:47:00.522] [DEBUG] [STATE] command_palette active, input: "/a"
[00:47:00.626] [DEBUG] [KEY] backspace
[00:47:00.626] [DEBUG] [STATE] command_palette active, input: "/"
[00:47:00.866] [DEBUG] [KEY] backspace
[00:47:00.866] [DEBUG] [STATE] command_palette active, input: ""
[00:47:02.247] [DEBUG] [KEY] down
[00:47:02.247] [DEBUG] [STATE] command_palette active, input: ""
[00:47:02.501] [DEBUG] [KEY] enter
[00:47:02.501] [DEBUG] [STATE] command_palette active, input: ""
[00:47:02.502] [INFO] CommandExecuteMsg received: cmd="agents" args=""
[00:47:02.502] [INFO] executeCommand: cmd="agents" args=""
[00:47:02.502] [INFO] [CMD] /agents → opening agents screen
[01:06:22.560] [DEBUG] confirmQuit key: "right", selection: 0
[01:06:22.953] [DEBUG] confirmQuit key: "enter", selection: 1
[01:06:22.957] [INFO] Saving config and closing session

=== SESSION END ===
Duration: 20m43s
Total actions: 56
=====================================
